<?xml version="1.0" encoding="UTF-8"?>
<testsuite xmlns:xsi="http://www.w3.org/2001/XMLSchema-instance" xsi:noNamespaceSchemaLocation="https://maven.apache.org/surefire/maven-surefire-plugin/xsd/surefire-test-report-3.0.xsd" version="3.0" name="com.example.secretsharing.SecretsharingApplicationTests" time="10.086" tests="3" errors="0" skipped="0" failures="0">
  <properties>
    <property name="java.specification.version" value="17"/>
    <property name="sun.jnu.encoding" value="UTF-8"/>
    <property name="java.class.path" value="/Users/horvathroland/IdeaProjects/secretsharing/target/test-classes:/Users/horvathroland/IdeaProjects/secretsharing/target/classes:/Users/horvathroland/.m2/repository/org/springframework/boot/spring-boot-starter-jdbc/2.6.1/spring-boot-starter-jdbc-2.6.1.jar:/Users/horvathroland/.m2/repository/org/springframework/boot/spring-boot-starter/2.6.1/spring-boot-starter-2.6.1.jar:/Users/horvathroland/.m2/repository/org/springframework/boot/spring-boot-starter-logging/2.6.1/spring-boot-starter-logging-2.6.1.jar:/Users/horvathroland/.m2/repository/ch/qos/logback/logback-classic/1.2.7/logback-classic-1.2.7.jar:/Users/horvathroland/.m2/repository/ch/qos/logback/logback-core/1.2.7/logback-core-1.2.7.jar:/Users/horvathroland/.m2/repository/org/apache/logging/log4j/log4j-to-slf4j/2.14.1/log4j-to-slf4j-2.14.1.jar:/Users/horvathroland/.m2/repository/org/apache/logging/log4j/log4j-api/2.14.1/log4j-api-2.14.1.jar:/Users/horvathroland/.m2/repository/org/slf4j/jul-to-slf4j/1.7.32/jul-to-slf4j-1.7.32.jar:/Users/horvathroland/.m2/repository/jakarta/annotation/jakarta.annotation-api/1.3.5/jakarta.annotation-api-1.3.5.jar:/Users/horvathroland/.m2/repository/org/yaml/snakeyaml/1.29/snakeyaml-1.29.jar:/Users/horvathroland/.m2/repository/com/zaxxer/HikariCP/4.0.3/HikariCP-4.0.3.jar:/Users/horvathroland/.m2/repository/org/slf4j/slf4j-api/1.7.32/slf4j-api-1.7.32.jar:/Users/horvathroland/.m2/repository/org/springframework/spring-jdbc/5.3.13/spring-jdbc-5.3.13.jar:/Users/horvathroland/.m2/repository/org/springframework/spring-beans/5.3.13/spring-beans-5.3.13.jar:/Users/horvathroland/.m2/repository/org/springframework/spring-tx/5.3.13/spring-tx-5.3.13.jar:/Users/horvathroland/.m2/repository/org/jacoco/jacoco-maven-plugin/0.8.7/jacoco-maven-plugin-0.8.7.jar:/Users/horvathroland/.m2/repository/org/apache/maven/maven-plugin-api/3.0/maven-plugin-api-3.0.jar:/Users/horvathroland/.m2/repository/org/apache/maven/maven-model/3.0/maven-model-3.0.jar:/Users/horvathroland/.m2/repository/org/apache/maven/maven-artifact/3.0/maven-artifact-3.0.jar:/Users/horvathroland/.m2/repository/org/sonatype/sisu/sisu-inject-plexus/1.4.2/sisu-inject-plexus-1.4.2.jar:/Users/horvathroland/.m2/repository/org/sonatype/sisu/sisu-inject-bean/1.4.2/sisu-inject-bean-1.4.2.jar:/Users/horvathroland/.m2/repository/org/sonatype/sisu/sisu-guice/2.1.7/sisu-guice-2.1.7-noaop.jar:/Users/horvathroland/.m2/repository/org/apache/maven/maven-core/3.0/maven-core-3.0.jar:/Users/horvathroland/.m2/repository/org/apache/maven/maven-settings/3.0/maven-settings-3.0.jar:/Users/horvathroland/.m2/repository/org/apache/maven/maven-settings-builder/3.0/maven-settings-builder-3.0.jar:/Users/horvathroland/.m2/repository/org/apache/maven/maven-repository-metadata/3.0/maven-repository-metadata-3.0.jar:/Users/horvathroland/.m2/repository/org/apache/maven/maven-model-builder/3.0/maven-model-builder-3.0.jar:/Users/horvathroland/.m2/repository/org/apache/maven/maven-aether-provider/3.0/maven-aether-provider-3.0.jar:/Users/horvathroland/.m2/repository/org/sonatype/aether/aether-impl/1.7/aether-impl-1.7.jar:/Users/horvathroland/.m2/repository/org/sonatype/aether/aether-spi/1.7/aether-spi-1.7.jar:/Users/horvathroland/.m2/repository/org/sonatype/aether/aether-api/1.7/aether-api-1.7.jar:/Users/horvathroland/.m2/repository/org/sonatype/aether/aether-util/1.7/aether-util-1.7.jar:/Users/horvathroland/.m2/repository/org/codehaus/plexus/plexus-interpolation/1.14/plexus-interpolation-1.14.jar:/Users/horvathroland/.m2/repository/org/codehaus/plexus/plexus-classworlds/2.2.3/plexus-classworlds-2.2.3.jar:/Users/horvathroland/.m2/repository/org/codehaus/plexus/plexus-component-annotations/1.5.5/plexus-component-annotations-1.5.5.jar:/Users/horvathroland/.m2/repository/org/sonatype/plexus/plexus-sec-dispatcher/1.3/plexus-sec-dispatcher-1.3.jar:/Users/horvathroland/.m2/repository/org/sonatype/plexus/plexus-cipher/1.4/plexus-cipher-1.4.jar:/Users/horvathroland/.m2/repository/org/codehaus/plexus/plexus-utils/3.0.22/plexus-utils-3.0.22.jar:/Users/horvathroland/.m2/repository/org/apache/maven/shared/file-management/1.2.1/file-management-1.2.1.jar:/Users/horvathroland/.m2/repository/org/apache/maven/shared/maven-shared-io/1.1/maven-shared-io-1.1.jar:/Users/horvathroland/.m2/repository/org/apache/maven/maven-artifact-manager/2.0.2/maven-artifact-manager-2.0.2.jar:/Users/horvathroland/.m2/repository/org/apache/maven/wagon/wagon-provider-api/1.0-alpha-6/wagon-provider-api-1.0-alpha-6.jar:/Users/horvathroland/.m2/repository/org/codehaus/plexus/plexus-container-default/1.0-alpha-9/plexus-container-default-1.0-alpha-9.jar:/Users/horvathroland/.m2/repository/junit/junit/4.13.2/junit-4.13.2.jar:/Users/horvathroland/.m2/repository/org/hamcrest/hamcrest-core/2.2/hamcrest-core-2.2.jar:/Users/horvathroland/.m2/repository/classworlds/classworlds/1.1-alpha-2/classworlds-1.1-alpha-2.jar:/Users/horvathroland/.m2/repository/org/apache/maven/reporting/maven-reporting-api/3.0/maven-reporting-api-3.0.jar:/Users/horvathroland/.m2/repository/org/apache/maven/doxia/doxia-sink-api/1.0/doxia-sink-api-1.0.jar:/Users/horvathroland/.m2/repository/org/jacoco/org.jacoco.agent/0.8.7/org.jacoco.agent-0.8.7-runtime.jar:/Users/horvathroland/.m2/repository/org/jacoco/org.jacoco.core/0.8.7/org.jacoco.core-0.8.7.jar:/Users/horvathroland/.m2/repository/org/ow2/asm/asm/9.1/asm-9.1.jar:/Users/horvathroland/.m2/repository/org/ow2/asm/asm-commons/9.1/asm-commons-9.1.jar:/Users/horvathroland/.m2/repository/org/ow2/asm/asm-analysis/9.1/asm-analysis-9.1.jar:/Users/horvathroland/.m2/repository/org/ow2/asm/asm-tree/9.1/asm-tree-9.1.jar:/Users/horvathroland/.m2/repository/org/jacoco/org.jacoco.report/0.8.7/org.jacoco.report-0.8.7.jar:/Users/horvathroland/.m2/repository/org/springframework/boot/spring-boot-starter-thymeleaf/2.6.1/spring-boot-starter-thymeleaf-2.6.1.jar:/Users/horvathroland/.m2/repository/org/thymeleaf/thymeleaf-spring5/3.0.12.RELEASE/thymeleaf-spring5-3.0.12.RELEASE.jar:/Users/horvathroland/.m2/repository/org/thymeleaf/thymeleaf/3.0.12.RELEASE/thymeleaf-3.0.12.RELEASE.jar:/Users/horvathroland/.m2/repository/org/attoparser/attoparser/2.0.5.RELEASE/attoparser-2.0.5.RELEASE.jar:/Users/horvathroland/.m2/repository/org/unbescape/unbescape/1.1.6.RELEASE/unbescape-1.1.6.RELEASE.jar:/Users/horvathroland/.m2/repository/org/thymeleaf/extras/thymeleaf-extras-java8time/3.0.4.RELEASE/thymeleaf-extras-java8time-3.0.4.RELEASE.jar:/Users/horvathroland/.m2/repository/org/springframework/boot/spring-boot-starter-web/2.6.1/spring-boot-starter-web-2.6.1.jar:/Users/horvathroland/.m2/repository/org/springframework/boot/spring-boot-starter-json/2.6.1/spring-boot-starter-json-2.6.1.jar:/Users/horvathroland/.m2/repository/com/fasterxml/jackson/core/jackson-databind/2.13.0/jackson-databind-2.13.0.jar:/Users/horvathroland/.m2/repository/com/fasterxml/jackson/core/jackson-annotations/2.13.0/jackson-annotations-2.13.0.jar:/Users/horvathroland/.m2/repository/com/fasterxml/jackson/core/jackson-core/2.13.0/jackson-core-2.13.0.jar:/Users/horvathroland/.m2/repository/com/fasterxml/jackson/datatype/jackson-datatype-jdk8/2.13.0/jackson-datatype-jdk8-2.13.0.jar:/Users/horvathroland/.m2/repository/com/fasterxml/jackson/datatype/jackson-datatype-jsr310/2.13.0/jackson-datatype-jsr310-2.13.0.jar:/Users/horvathroland/.m2/repository/com/fasterxml/jackson/module/jackson-module-parameter-names/2.13.0/jackson-module-parameter-names-2.13.0.jar:/Users/horvathroland/.m2/repository/org/springframework/boot/spring-boot-starter-tomcat/2.6.1/spring-boot-starter-tomcat-2.6.1.jar:/Users/horvathroland/.m2/repository/org/apache/tomcat/embed/tomcat-embed-core/9.0.55/tomcat-embed-core-9.0.55.jar:/Users/horvathroland/.m2/repository/org/apache/tomcat/embed/tomcat-embed-el/9.0.55/tomcat-embed-el-9.0.55.jar:/Users/horvathroland/.m2/repository/org/apache/tomcat/embed/tomcat-embed-websocket/9.0.55/tomcat-embed-websocket-9.0.55.jar:/Users/horvathroland/.m2/repository/org/springframework/spring-web/5.3.13/spring-web-5.3.13.jar:/Users/horvathroland/.m2/repository/org/springframework/spring-webmvc/5.3.13/spring-webmvc-5.3.13.jar:/Users/horvathroland/.m2/repository/org/springframework/spring-aop/5.3.13/spring-aop-5.3.13.jar:/Users/horvathroland/.m2/repository/org/springframework/spring-context/5.3.13/spring-context-5.3.13.jar:/Users/horvathroland/.m2/repository/org/springframework/spring-expression/5.3.13/spring-expression-5.3.13.jar:/Users/horvathroland/.m2/repository/org/springframework/boot/spring-boot-devtools/2.6.1/spring-boot-devtools-2.6.1.jar:/Users/horvathroland/.m2/repository/org/springframework/boot/spring-boot/2.6.1/spring-boot-2.6.1.jar:/Users/horvathroland/.m2/repository/org/springframework/boot/spring-boot-autoconfigure/2.6.1/spring-boot-autoconfigure-2.6.1.jar:/Users/horvathroland/.m2/repository/com/h2database/h2/1.4.200/h2-1.4.200.jar:/Users/horvathroland/.m2/repository/org/projectlombok/lombok/1.18.22/lombok-1.18.22.jar:/Users/horvathroland/.m2/repository/org/springframework/boot/spring-boot-starter-test/2.6.1/spring-boot-starter-test-2.6.1.jar:/Users/horvathroland/.m2/repository/org/springframework/boot/spring-boot-test/2.6.1/spring-boot-test-2.6.1.jar:/Users/horvathroland/.m2/repository/org/springframework/boot/spring-boot-test-autoconfigure/2.6.1/spring-boot-test-autoconfigure-2.6.1.jar:/Users/horvathroland/.m2/repository/com/jayway/jsonpath/json-path/2.6.0/json-path-2.6.0.jar:/Users/horvathroland/.m2/repository/net/minidev/json-smart/2.4.7/json-smart-2.4.7.jar:/Users/horvathroland/.m2/repository/net/minidev/accessors-smart/2.4.7/accessors-smart-2.4.7.jar:/Users/horvathroland/.m2/repository/jakarta/xml/bind/jakarta.xml.bind-api/2.3.3/jakarta.xml.bind-api-2.3.3.jar:/Users/horvathroland/.m2/repository/jakarta/activation/jakarta.activation-api/1.2.2/jakarta.activation-api-1.2.2.jar:/Users/horvathroland/.m2/repository/org/assertj/assertj-core/3.21.0/assertj-core-3.21.0.jar:/Users/horvathroland/.m2/repository/org/hamcrest/hamcrest/2.2/hamcrest-2.2.jar:/Users/horvathroland/.m2/repository/org/junit/jupiter/junit-jupiter/5.8.1/junit-jupiter-5.8.1.jar:/Users/horvathroland/.m2/repository/org/junit/jupiter/junit-jupiter-api/5.8.1/junit-jupiter-api-5.8.1.jar:/Users/horvathroland/.m2/repository/org/opentest4j/opentest4j/1.2.0/opentest4j-1.2.0.jar:/Users/horvathroland/.m2/repository/org/junit/platform/junit-platform-commons/1.8.1/junit-platform-commons-1.8.1.jar:/Users/horvathroland/.m2/repository/org/apiguardian/apiguardian-api/1.1.2/apiguardian-api-1.1.2.jar:/Users/horvathroland/.m2/repository/org/junit/jupiter/junit-jupiter-params/5.8.1/junit-jupiter-params-5.8.1.jar:/Users/horvathroland/.m2/repository/org/junit/jupiter/junit-jupiter-engine/5.8.1/junit-jupiter-engine-5.8.1.jar:/Users/horvathroland/.m2/repository/org/junit/platform/junit-platform-engine/1.8.1/junit-platform-engine-1.8.1.jar:/Users/horvathroland/.m2/repository/org/mockito/mockito-core/4.0.0/mockito-core-4.0.0.jar:/Users/horvathroland/.m2/repository/net/bytebuddy/byte-buddy/1.11.22/byte-buddy-1.11.22.jar:/Users/horvathroland/.m2/repository/net/bytebuddy/byte-buddy-agent/1.11.22/byte-buddy-agent-1.11.22.jar:/Users/horvathroland/.m2/repository/org/objenesis/objenesis/3.2/objenesis-3.2.jar:/Users/horvathroland/.m2/repository/org/mockito/mockito-junit-jupiter/4.0.0/mockito-junit-jupiter-4.0.0.jar:/Users/horvathroland/.m2/repository/org/skyscreamer/jsonassert/1.5.0/jsonassert-1.5.0.jar:/Users/horvathroland/.m2/repository/com/vaadin/external/google/android-json/0.0.20131108.vaadin1/android-json-0.0.20131108.vaadin1.jar:/Users/horvathroland/.m2/repository/org/springframework/spring-core/5.3.13/spring-core-5.3.13.jar:/Users/horvathroland/.m2/repository/org/springframework/spring-jcl/5.3.13/spring-jcl-5.3.13.jar:/Users/horvathroland/.m2/repository/org/springframework/spring-test/5.3.13/spring-test-5.3.13.jar:/Users/horvathroland/.m2/repository/org/xmlunit/xmlunit-core/2.8.3/xmlunit-core-2.8.3.jar:/Users/horvathroland/.m2/repository/jakarta/validation/jakarta.validation-api/2.0.2/jakarta.validation-api-2.0.2.jar:/Users/horvathroland/.m2/repository/org/testng/testng/7.4.0/testng-7.4.0.jar:/Users/horvathroland/.m2/repository/com/beust/jcommander/1.78/jcommander-1.78.jar:/Users/horvathroland/.m2/repository/org/webjars/jquery/3.5.1/jquery-3.5.1.jar:"/>
    <property name="java.vm.vendor" value="Oracle Corporation"/>
    <property name="sun.arch.data.model" value="64"/>
    <property name="java.vendor.url" value="https://java.oracle.com/"/>
    <property name="user.timezone" value="Europe/Budapest"/>
    <property name="os.name" value="Mac OS X"/>
    <property name="java.vm.specification.version" value="17"/>
    <property name="sun.java.launcher" value="SUN_STANDARD"/>
    <property name="user.country" value="HU"/>
    <property name="sun.boot.library.path" value="/Users/horvathroland/Library/Java/JavaVirtualMachines/openjdk-17/Contents/Home/lib"/>
    <property name="sun.java.command" value="/Users/horvathroland/IdeaProjects/secretsharing/target/surefire/surefirebooter338525052323618444.jar /Users/horvathroland/IdeaProjects/secretsharing/target/surefire 2021-12-12T17-55-20_400-jvmRun1 surefire5583701028488530518tmp surefire_02051530935165056416tmp"/>
    <property name="http.nonProxyHosts" value="local|*.local|169.254/16|*.169.254/16"/>
    <property name="jdk.debug" value="release"/>
    <property name="surefire.test.class.path" value="/Users/horvathroland/IdeaProjects/secretsharing/target/test-classes:/Users/horvathroland/IdeaProjects/secretsharing/target/classes:/Users/horvathroland/.m2/repository/org/springframework/boot/spring-boot-starter-jdbc/2.6.1/spring-boot-starter-jdbc-2.6.1.jar:/Users/horvathroland/.m2/repository/org/springframework/boot/spring-boot-starter/2.6.1/spring-boot-starter-2.6.1.jar:/Users/horvathroland/.m2/repository/org/springframework/boot/spring-boot-starter-logging/2.6.1/spring-boot-starter-logging-2.6.1.jar:/Users/horvathroland/.m2/repository/ch/qos/logback/logback-classic/1.2.7/logback-classic-1.2.7.jar:/Users/horvathroland/.m2/repository/ch/qos/logback/logback-core/1.2.7/logback-core-1.2.7.jar:/Users/horvathroland/.m2/repository/org/apache/logging/log4j/log4j-to-slf4j/2.14.1/log4j-to-slf4j-2.14.1.jar:/Users/horvathroland/.m2/repository/org/apache/logging/log4j/log4j-api/2.14.1/log4j-api-2.14.1.jar:/Users/horvathroland/.m2/repository/org/slf4j/jul-to-slf4j/1.7.32/jul-to-slf4j-1.7.32.jar:/Users/horvathroland/.m2/repository/jakarta/annotation/jakarta.annotation-api/1.3.5/jakarta.annotation-api-1.3.5.jar:/Users/horvathroland/.m2/repository/org/yaml/snakeyaml/1.29/snakeyaml-1.29.jar:/Users/horvathroland/.m2/repository/com/zaxxer/HikariCP/4.0.3/HikariCP-4.0.3.jar:/Users/horvathroland/.m2/repository/org/slf4j/slf4j-api/1.7.32/slf4j-api-1.7.32.jar:/Users/horvathroland/.m2/repository/org/springframework/spring-jdbc/5.3.13/spring-jdbc-5.3.13.jar:/Users/horvathroland/.m2/repository/org/springframework/spring-beans/5.3.13/spring-beans-5.3.13.jar:/Users/horvathroland/.m2/repository/org/springframework/spring-tx/5.3.13/spring-tx-5.3.13.jar:/Users/horvathroland/.m2/repository/org/jacoco/jacoco-maven-plugin/0.8.7/jacoco-maven-plugin-0.8.7.jar:/Users/horvathroland/.m2/repository/org/apache/maven/maven-plugin-api/3.0/maven-plugin-api-3.0.jar:/Users/horvathroland/.m2/repository/org/apache/maven/maven-model/3.0/maven-model-3.0.jar:/Users/horvathroland/.m2/repository/org/apache/maven/maven-artifact/3.0/maven-artifact-3.0.jar:/Users/horvathroland/.m2/repository/org/sonatype/sisu/sisu-inject-plexus/1.4.2/sisu-inject-plexus-1.4.2.jar:/Users/horvathroland/.m2/repository/org/sonatype/sisu/sisu-inject-bean/1.4.2/sisu-inject-bean-1.4.2.jar:/Users/horvathroland/.m2/repository/org/sonatype/sisu/sisu-guice/2.1.7/sisu-guice-2.1.7-noaop.jar:/Users/horvathroland/.m2/repository/org/apache/maven/maven-core/3.0/maven-core-3.0.jar:/Users/horvathroland/.m2/repository/org/apache/maven/maven-settings/3.0/maven-settings-3.0.jar:/Users/horvathroland/.m2/repository/org/apache/maven/maven-settings-builder/3.0/maven-settings-builder-3.0.jar:/Users/horvathroland/.m2/repository/org/apache/maven/maven-repository-metadata/3.0/maven-repository-metadata-3.0.jar:/Users/horvathroland/.m2/repository/org/apache/maven/maven-model-builder/3.0/maven-model-builder-3.0.jar:/Users/horvathroland/.m2/repository/org/apache/maven/maven-aether-provider/3.0/maven-aether-provider-3.0.jar:/Users/horvathroland/.m2/repository/org/sonatype/aether/aether-impl/1.7/aether-impl-1.7.jar:/Users/horvathroland/.m2/repository/org/sonatype/aether/aether-spi/1.7/aether-spi-1.7.jar:/Users/horvathroland/.m2/repository/org/sonatype/aether/aether-api/1.7/aether-api-1.7.jar:/Users/horvathroland/.m2/repository/org/sonatype/aether/aether-util/1.7/aether-util-1.7.jar:/Users/horvathroland/.m2/repository/org/codehaus/plexus/plexus-interpolation/1.14/plexus-interpolation-1.14.jar:/Users/horvathroland/.m2/repository/org/codehaus/plexus/plexus-classworlds/2.2.3/plexus-classworlds-2.2.3.jar:/Users/horvathroland/.m2/repository/org/codehaus/plexus/plexus-component-annotations/1.5.5/plexus-component-annotations-1.5.5.jar:/Users/horvathroland/.m2/repository/org/sonatype/plexus/plexus-sec-dispatcher/1.3/plexus-sec-dispatcher-1.3.jar:/Users/horvathroland/.m2/repository/org/sonatype/plexus/plexus-cipher/1.4/plexus-cipher-1.4.jar:/Users/horvathroland/.m2/repository/org/codehaus/plexus/plexus-utils/3.0.22/plexus-utils-3.0.22.jar:/Users/horvathroland/.m2/repository/org/apache/maven/shared/file-management/1.2.1/file-management-1.2.1.jar:/Users/horvathroland/.m2/repository/org/apache/maven/shared/maven-shared-io/1.1/maven-shared-io-1.1.jar:/Users/horvathroland/.m2/repository/org/apache/maven/maven-artifact-manager/2.0.2/maven-artifact-manager-2.0.2.jar:/Users/horvathroland/.m2/repository/org/apache/maven/wagon/wagon-provider-api/1.0-alpha-6/wagon-provider-api-1.0-alpha-6.jar:/Users/horvathroland/.m2/repository/org/codehaus/plexus/plexus-container-default/1.0-alpha-9/plexus-container-default-1.0-alpha-9.jar:/Users/horvathroland/.m2/repository/junit/junit/4.13.2/junit-4.13.2.jar:/Users/horvathroland/.m2/repository/org/hamcrest/hamcrest-core/2.2/hamcrest-core-2.2.jar:/Users/horvathroland/.m2/repository/classworlds/classworlds/1.1-alpha-2/classworlds-1.1-alpha-2.jar:/Users/horvathroland/.m2/repository/org/apache/maven/reporting/maven-reporting-api/3.0/maven-reporting-api-3.0.jar:/Users/horvathroland/.m2/repository/org/apache/maven/doxia/doxia-sink-api/1.0/doxia-sink-api-1.0.jar:/Users/horvathroland/.m2/repository/org/jacoco/org.jacoco.agent/0.8.7/org.jacoco.agent-0.8.7-runtime.jar:/Users/horvathroland/.m2/repository/org/jacoco/org.jacoco.core/0.8.7/org.jacoco.core-0.8.7.jar:/Users/horvathroland/.m2/repository/org/ow2/asm/asm/9.1/asm-9.1.jar:/Users/horvathroland/.m2/repository/org/ow2/asm/asm-commons/9.1/asm-commons-9.1.jar:/Users/horvathroland/.m2/repository/org/ow2/asm/asm-analysis/9.1/asm-analysis-9.1.jar:/Users/horvathroland/.m2/repository/org/ow2/asm/asm-tree/9.1/asm-tree-9.1.jar:/Users/horvathroland/.m2/repository/org/jacoco/org.jacoco.report/0.8.7/org.jacoco.report-0.8.7.jar:/Users/horvathroland/.m2/repository/org/springframework/boot/spring-boot-starter-thymeleaf/2.6.1/spring-boot-starter-thymeleaf-2.6.1.jar:/Users/horvathroland/.m2/repository/org/thymeleaf/thymeleaf-spring5/3.0.12.RELEASE/thymeleaf-spring5-3.0.12.RELEASE.jar:/Users/horvathroland/.m2/repository/org/thymeleaf/thymeleaf/3.0.12.RELEASE/thymeleaf-3.0.12.RELEASE.jar:/Users/horvathroland/.m2/repository/org/attoparser/attoparser/2.0.5.RELEASE/attoparser-2.0.5.RELEASE.jar:/Users/horvathroland/.m2/repository/org/unbescape/unbescape/1.1.6.RELEASE/unbescape-1.1.6.RELEASE.jar:/Users/horvathroland/.m2/repository/org/thymeleaf/extras/thymeleaf-extras-java8time/3.0.4.RELEASE/thymeleaf-extras-java8time-3.0.4.RELEASE.jar:/Users/horvathroland/.m2/repository/org/springframework/boot/spring-boot-starter-web/2.6.1/spring-boot-starter-web-2.6.1.jar:/Users/horvathroland/.m2/repository/org/springframework/boot/spring-boot-starter-json/2.6.1/spring-boot-starter-json-2.6.1.jar:/Users/horvathroland/.m2/repository/com/fasterxml/jackson/core/jackson-databind/2.13.0/jackson-databind-2.13.0.jar:/Users/horvathroland/.m2/repository/com/fasterxml/jackson/core/jackson-annotations/2.13.0/jackson-annotations-2.13.0.jar:/Users/horvathroland/.m2/repository/com/fasterxml/jackson/core/jackson-core/2.13.0/jackson-core-2.13.0.jar:/Users/horvathroland/.m2/repository/com/fasterxml/jackson/datatype/jackson-datatype-jdk8/2.13.0/jackson-datatype-jdk8-2.13.0.jar:/Users/horvathroland/.m2/repository/com/fasterxml/jackson/datatype/jackson-datatype-jsr310/2.13.0/jackson-datatype-jsr310-2.13.0.jar:/Users/horvathroland/.m2/repository/com/fasterxml/jackson/module/jackson-module-parameter-names/2.13.0/jackson-module-parameter-names-2.13.0.jar:/Users/horvathroland/.m2/repository/org/springframework/boot/spring-boot-starter-tomcat/2.6.1/spring-boot-starter-tomcat-2.6.1.jar:/Users/horvathroland/.m2/repository/org/apache/tomcat/embed/tomcat-embed-core/9.0.55/tomcat-embed-core-9.0.55.jar:/Users/horvathroland/.m2/repository/org/apache/tomcat/embed/tomcat-embed-el/9.0.55/tomcat-embed-el-9.0.55.jar:/Users/horvathroland/.m2/repository/org/apache/tomcat/embed/tomcat-embed-websocket/9.0.55/tomcat-embed-websocket-9.0.55.jar:/Users/horvathroland/.m2/repository/org/springframework/spring-web/5.3.13/spring-web-5.3.13.jar:/Users/horvathroland/.m2/repository/org/springframework/spring-webmvc/5.3.13/spring-webmvc-5.3.13.jar:/Users/horvathroland/.m2/repository/org/springframework/spring-aop/5.3.13/spring-aop-5.3.13.jar:/Users/horvathroland/.m2/repository/org/springframework/spring-context/5.3.13/spring-context-5.3.13.jar:/Users/horvathroland/.m2/repository/org/springframework/spring-expression/5.3.13/spring-expression-5.3.13.jar:/Users/horvathroland/.m2/repository/org/springframework/boot/spring-boot-devtools/2.6.1/spring-boot-devtools-2.6.1.jar:/Users/horvathroland/.m2/repository/org/springframework/boot/spring-boot/2.6.1/spring-boot-2.6.1.jar:/Users/horvathroland/.m2/repository/org/springframework/boot/spring-boot-autoconfigure/2.6.1/spring-boot-autoconfigure-2.6.1.jar:/Users/horvathroland/.m2/repository/com/h2database/h2/1.4.200/h2-1.4.200.jar:/Users/horvathroland/.m2/repository/org/projectlombok/lombok/1.18.22/lombok-1.18.22.jar:/Users/horvathroland/.m2/repository/org/springframework/boot/spring-boot-starter-test/2.6.1/spring-boot-starter-test-2.6.1.jar:/Users/horvathroland/.m2/repository/org/springframework/boot/spring-boot-test/2.6.1/spring-boot-test-2.6.1.jar:/Users/horvathroland/.m2/repository/org/springframework/boot/spring-boot-test-autoconfigure/2.6.1/spring-boot-test-autoconfigure-2.6.1.jar:/Users/horvathroland/.m2/repository/com/jayway/jsonpath/json-path/2.6.0/json-path-2.6.0.jar:/Users/horvathroland/.m2/repository/net/minidev/json-smart/2.4.7/json-smart-2.4.7.jar:/Users/horvathroland/.m2/repository/net/minidev/accessors-smart/2.4.7/accessors-smart-2.4.7.jar:/Users/horvathroland/.m2/repository/jakarta/xml/bind/jakarta.xml.bind-api/2.3.3/jakarta.xml.bind-api-2.3.3.jar:/Users/horvathroland/.m2/repository/jakarta/activation/jakarta.activation-api/1.2.2/jakarta.activation-api-1.2.2.jar:/Users/horvathroland/.m2/repository/org/assertj/assertj-core/3.21.0/assertj-core-3.21.0.jar:/Users/horvathroland/.m2/repository/org/hamcrest/hamcrest/2.2/hamcrest-2.2.jar:/Users/horvathroland/.m2/repository/org/junit/jupiter/junit-jupiter/5.8.1/junit-jupiter-5.8.1.jar:/Users/horvathroland/.m2/repository/org/junit/jupiter/junit-jupiter-api/5.8.1/junit-jupiter-api-5.8.1.jar:/Users/horvathroland/.m2/repository/org/opentest4j/opentest4j/1.2.0/opentest4j-1.2.0.jar:/Users/horvathroland/.m2/repository/org/junit/platform/junit-platform-commons/1.8.1/junit-platform-commons-1.8.1.jar:/Users/horvathroland/.m2/repository/org/apiguardian/apiguardian-api/1.1.2/apiguardian-api-1.1.2.jar:/Users/horvathroland/.m2/repository/org/junit/jupiter/junit-jupiter-params/5.8.1/junit-jupiter-params-5.8.1.jar:/Users/horvathroland/.m2/repository/org/junit/jupiter/junit-jupiter-engine/5.8.1/junit-jupiter-engine-5.8.1.jar:/Users/horvathroland/.m2/repository/org/junit/platform/junit-platform-engine/1.8.1/junit-platform-engine-1.8.1.jar:/Users/horvathroland/.m2/repository/org/mockito/mockito-core/4.0.0/mockito-core-4.0.0.jar:/Users/horvathroland/.m2/repository/net/bytebuddy/byte-buddy/1.11.22/byte-buddy-1.11.22.jar:/Users/horvathroland/.m2/repository/net/bytebuddy/byte-buddy-agent/1.11.22/byte-buddy-agent-1.11.22.jar:/Users/horvathroland/.m2/repository/org/objenesis/objenesis/3.2/objenesis-3.2.jar:/Users/horvathroland/.m2/repository/org/mockito/mockito-junit-jupiter/4.0.0/mockito-junit-jupiter-4.0.0.jar:/Users/horvathroland/.m2/repository/org/skyscreamer/jsonassert/1.5.0/jsonassert-1.5.0.jar:/Users/horvathroland/.m2/repository/com/vaadin/external/google/android-json/0.0.20131108.vaadin1/android-json-0.0.20131108.vaadin1.jar:/Users/horvathroland/.m2/repository/org/springframework/spring-core/5.3.13/spring-core-5.3.13.jar:/Users/horvathroland/.m2/repository/org/springframework/spring-jcl/5.3.13/spring-jcl-5.3.13.jar:/Users/horvathroland/.m2/repository/org/springframework/spring-test/5.3.13/spring-test-5.3.13.jar:/Users/horvathroland/.m2/repository/org/xmlunit/xmlunit-core/2.8.3/xmlunit-core-2.8.3.jar:/Users/horvathroland/.m2/repository/jakarta/validation/jakarta.validation-api/2.0.2/jakarta.validation-api-2.0.2.jar:/Users/horvathroland/.m2/repository/org/testng/testng/7.4.0/testng-7.4.0.jar:/Users/horvathroland/.m2/repository/com/beust/jcommander/1.78/jcommander-1.78.jar:/Users/horvathroland/.m2/repository/org/webjars/jquery/3.5.1/jquery-3.5.1.jar:"/>
    <property name="sun.cpu.endian" value="little"/>
    <property name="user.home" value="/Users/horvathroland"/>
    <property name="user.language" value="hu"/>
    <property name="java.specification.vendor" value="Oracle Corporation"/>
    <property name="java.version.date" value="2021-09-14"/>
    <property name="java.home" value="/Users/horvathroland/Library/Java/JavaVirtualMachines/openjdk-17/Contents/Home"/>
    <property name="file.separator" value="/"/>
    <property name="basedir" value="/Users/horvathroland/IdeaProjects/secretsharing"/>
    <property name="java.vm.compressedOopsMode" value="Zero based"/>
    <property name="line.separator" value="&#10;"/>
    <property name="java.vm.specification.vendor" value="Oracle Corporation"/>
    <property name="java.specification.name" value="Java Platform API Specification"/>
    <property name="FILE_LOG_CHARSET" value="UTF-8"/>
    <property name="java.awt.headless" value="true"/>
    <property name="surefire.real.class.path" value="/Users/horvathroland/IdeaProjects/secretsharing/target/surefire/surefirebooter338525052323618444.jar"/>
    <property name="sun.management.compiler" value="HotSpot 64-Bit Tiered Compilers"/>
    <property name="ftp.nonProxyHosts" value="local|*.local|169.254/16|*.169.254/16"/>
    <property name="java.runtime.version" value="17+35-2724"/>
    <property name="user.name" value="horvathroland"/>
    <property name="path.separator" value=":"/>
    <property name="os.version" value="11.6.1"/>
    <property name="java.runtime.name" value="OpenJDK Runtime Environment"/>
    <property name="file.encoding" value="UTF-8"/>
    <property name="spring.beaninfo.ignore" value="true"/>
    <property name="java.vm.name" value="OpenJDK 64-Bit Server VM"/>
    <property name="localRepository" value="/Users/horvathroland/.m2/repository"/>
    <property name="java.vendor.url.bug" value="https://bugreport.java.com/bugreport/"/>
    <property name="java.io.tmpdir" value="/var/folders/9v/x713yk492xb6dt53f22tkf1m0000gn/T/"/>
    <property name="idea.version" value="2021.2.3"/>
    <property name="com.zaxxer.hikari.pool_number" value="1"/>
    <property name="java.version" value="17"/>
    <property name="user.dir" value="/Users/horvathroland/IdeaProjects/secretsharing"/>
    <property name="os.arch" value="x86_64"/>
    <property name="java.vm.specification.name" value="Java Virtual Machine Specification"/>
    <property name="PID" value="7531"/>
    <property name="CONSOLE_LOG_CHARSET" value="UTF-8"/>
    <property name="native.encoding" value="UTF-8"/>
    <property name="java.library.path" value="/Users/horvathroland/Library/Java/Extensions:/Library/Java/Extensions:/Network/Library/Java/Extensions:/System/Library/Java/Extensions:/usr/lib/java:."/>
    <property name="java.vm.info" value="mixed mode, sharing"/>
    <property name="java.vendor" value="Oracle Corporation"/>
    <property name="java.vm.version" value="17+35-2724"/>
    <property name="sun.io.unicode.encoding" value="UnicodeBig"/>
    <property name="socksNonProxyHosts" value="local|*.local|169.254/16|*.169.254/16"/>
    <property name="java.class.version" value="61.0"/>
  </properties>
  <testcase name="NullInput" classname="com.example.secretsharing.SecretsharingApplicationTests" time="1.533">
    <system-out><![CDATA[17:55:31.786 [main] DEBUG org.springframework.test.context.BootstrapUtils - Instantiating CacheAwareContextLoaderDelegate from class [org.springframework.test.context.cache.DefaultCacheAwareContextLoaderDelegate]
17:55:31.824 [main] DEBUG org.springframework.test.context.BootstrapUtils - Instantiating BootstrapContext using constructor [public org.springframework.test.context.support.DefaultBootstrapContext(java.lang.Class,org.springframework.test.context.CacheAwareContextLoaderDelegate)]
17:55:31.932 [main] DEBUG org.springframework.test.context.BootstrapUtils - Instantiating TestContextBootstrapper for test class [com.example.secretsharing.SecretsharingApplicationTests] from class [org.springframework.boot.test.context.SpringBootTestContextBootstrapper]
17:55:31.974 [main] INFO org.springframework.boot.test.context.SpringBootTestContextBootstrapper - Neither @ContextConfiguration nor @ContextHierarchy found for test class [com.example.secretsharing.SecretsharingApplicationTests], using SpringBootContextLoader
17:55:31.985 [main] DEBUG org.springframework.test.context.support.AbstractContextLoader - Did not detect default resource location for test class [com.example.secretsharing.SecretsharingApplicationTests]: class path resource [com/example/secretsharing/SecretsharingApplicationTests-context.xml] does not exist
17:55:31.986 [main] DEBUG org.springframework.test.context.support.AbstractContextLoader - Did not detect default resource location for test class [com.example.secretsharing.SecretsharingApplicationTests]: class path resource [com/example/secretsharing/SecretsharingApplicationTestsContext.groovy] does not exist
17:55:31.986 [main] INFO org.springframework.test.context.support.AbstractContextLoader - Could not detect default resource locations for test class [com.example.secretsharing.SecretsharingApplicationTests]: no resource found for suffixes {-context.xml, Context.groovy}.
17:55:31.987 [main] INFO org.springframework.test.context.support.AnnotationConfigContextLoaderUtils - Could not detect default configuration classes for test class [com.example.secretsharing.SecretsharingApplicationTests]: SecretsharingApplicationTests does not declare any static, non-private, non-final, nested classes annotated with @Configuration.
17:55:32.109 [main] DEBUG org.springframework.test.context.support.ActiveProfilesUtils - Could not find an 'annotation declaring class' for annotation type [org.springframework.test.context.ActiveProfiles] and class [com.example.secretsharing.SecretsharingApplicationTests]
17:55:32.276 [main] DEBUG org.springframework.context.annotation.ClassPathScanningCandidateComponentProvider - Identified candidate component class: file [/Users/horvathroland/IdeaProjects/secretsharing/target/classes/com/example/secretsharing/SecretsharingApplication.class]
17:55:32.278 [main] INFO org.springframework.boot.test.context.SpringBootTestContextBootstrapper - Found @SpringBootConfiguration com.example.secretsharing.SecretsharingApplication for test class com.example.secretsharing.SecretsharingApplicationTests
17:55:32.529 [main] DEBUG org.springframework.boot.test.context.SpringBootTestContextBootstrapper - @TestExecutionListeners is not present for class [com.example.secretsharing.SecretsharingApplicationTests]: using defaults.
17:55:32.530 [main] INFO org.springframework.boot.test.context.SpringBootTestContextBootstrapper - Loaded default TestExecutionListener class names from location [META-INF/spring.factories]: [org.springframework.boot.test.mock.mockito.MockitoTestExecutionListener, org.springframework.boot.test.mock.mockito.ResetMocksTestExecutionListener, org.springframework.boot.test.autoconfigure.restdocs.RestDocsTestExecutionListener, org.springframework.boot.test.autoconfigure.web.client.MockRestServiceServerResetTestExecutionListener, org.springframework.boot.test.autoconfigure.web.servlet.MockMvcPrintOnlyOnFailureTestExecutionListener, org.springframework.boot.test.autoconfigure.web.servlet.WebDriverTestExecutionListener, org.springframework.boot.test.autoconfigure.webservices.client.MockWebServiceServerTestExecutionListener, org.springframework.test.context.web.ServletTestExecutionListener, org.springframework.test.context.support.DirtiesContextBeforeModesTestExecutionListener, org.springframework.test.context.event.ApplicationEventsTestExecutionListener, org.springframework.test.context.support.DependencyInjectionTestExecutionListener, org.springframework.test.context.support.DirtiesContextTestExecutionListener, org.springframework.test.context.transaction.TransactionalTestExecutionListener, org.springframework.test.context.jdbc.SqlScriptsTestExecutionListener, org.springframework.test.context.event.EventPublishingTestExecutionListener]
17:55:32.579 [main] INFO org.springframework.boot.test.context.SpringBootTestContextBootstrapper - Using TestExecutionListeners: [org.springframework.test.context.web.ServletTestExecutionListener@6cd166b8, org.springframework.test.context.support.DirtiesContextBeforeModesTestExecutionListener@2650f79, org.springframework.test.context.event.ApplicationEventsTestExecutionListener@75fc1992, org.springframework.boot.test.mock.mockito.MockitoTestExecutionListener@5fac521d, org.springframework.boot.test.autoconfigure.SpringBootDependencyInjectionTestExecutionListener@38af1bf6, org.springframework.test.context.support.DirtiesContextTestExecutionListener@129bd55d, org.springframework.test.context.transaction.TransactionalTestExecutionListener@7be7e15, org.springframework.test.context.jdbc.SqlScriptsTestExecutionListener@3abfe845, org.springframework.test.context.event.EventPublishingTestExecutionListener@7a0f244f, org.springframework.boot.test.mock.mockito.ResetMocksTestExecutionListener@3672276e, org.springframework.boot.test.autoconfigure.restdocs.RestDocsTestExecutionListener@4248b963, org.springframework.boot.test.autoconfigure.web.client.MockRestServiceServerResetTestExecutionListener@7f08caf, org.springframework.boot.test.autoconfigure.web.servlet.MockMvcPrintOnlyOnFailureTestExecutionListener@4defd42, org.springframework.boot.test.autoconfigure.web.servlet.WebDriverTestExecutionListener@2330e3e0, org.springframework.boot.test.autoconfigure.webservices.client.MockWebServiceServerTestExecutionListener@24b4d544]
17:55:32.587 [main] DEBUG org.springframework.test.context.support.AbstractDirtiesContextTestExecutionListener - Before test class: context [DefaultTestContext@642505c7 testClass = SecretsharingApplicationTests, testInstance = [null], testMethod = [null], testException = [null], mergedContextConfiguration = [WebMergedContextConfiguration@4339e0de testClass = SecretsharingApplicationTests, locations = '{}', classes = '{class com.example.secretsharing.SecretsharingApplication}', contextInitializerClasses = '[]', activeProfiles = '{}', propertySourceLocations = '{}', propertySourceProperties = '{org.springframework.boot.test.context.SpringBootTestContextBootstrapper=true}', contextCustomizers = set[org.springframework.boot.test.context.filter.ExcludeFilterContextCustomizer@433ffad1, org.springframework.boot.test.json.DuplicateJsonObjectContextCustomizerFactory$DuplicateJsonObjectContextCustomizer@ecf9fb3, org.springframework.boot.test.mock.mockito.MockitoContextCustomizer@0, org.springframework.boot.test.web.client.TestRestTemplateContextCustomizer@1cfd1875, org.springframework.boot.test.autoconfigure.actuate.metrics.MetricsExportContextCustomizerFactory$DisableMetricExportContextCustomizer@50b8ae8d, org.springframework.boot.test.autoconfigure.properties.PropertyMappingContextCustomizer@0, org.springframework.boot.test.autoconfigure.web.servlet.WebDriverContextCustomizerFactory$Customizer@3bb9efbc, org.springframework.boot.test.context.SpringBootTestArgs@1, org.springframework.boot.test.context.SpringBootTestWebEnvironment@729d991e], resourceBasePath = 'src/main/webapp', contextLoader = 'org.springframework.boot.test.context.SpringBootContextLoader', parent = [null]], attributes = map['org.springframework.test.context.web.ServletTestExecutionListener.activateListener' -> true]], class annotated with @DirtiesContext [false] with mode [null].
17:55:32.822 [main] DEBUG org.springframework.boot.ApplicationServletEnvironment - Activating profiles []
17:55:32.826 [main] DEBUG org.springframework.test.context.support.TestPropertySourceUtils - Adding inlined properties to environment: {spring.jmx.enabled=false, org.springframework.boot.test.context.SpringBootTestContextBootstrapper=true}

  .   ____          _            __ _ _
 /\\ / ___'_ __ _ _(_)_ __  __ _ \ \ \ \
( ( )\___ | '_ | '_| | '_ \/ _` | \ \ \ \
 \\/  ___)| |_)| | | | | || (_| |  ) ) ) )
  '  |____| .__|_| |_|_| |_\__, | / / / /
 =========|_|==============|___/=/_/_/_/
 :: Spring Boot ::                (v2.6.1)

2021-12-12 17:55:33.492  INFO 7531 --- [           main] c.e.s.SecretsharingApplicationTests      : Starting SecretsharingApplicationTests using Java 17 on Horvath-MacBook-Pro.local with PID 7531 (started by horvathroland in /Users/horvathroland/IdeaProjects/secretsharing)
2021-12-12 17:55:33.507  INFO 7531 --- [           main] c.e.s.SecretsharingApplicationTests      : No active profile set, falling back to default profiles: default
2021-12-12 17:55:35.787  INFO 7531 --- [           main] com.zaxxer.hikari.HikariDataSource       : HikariPool-1 - Starting...
2021-12-12 17:55:36.565  INFO 7531 --- [           main] com.zaxxer.hikari.HikariDataSource       : HikariPool-1 - Start completed.
2021-12-12 17:55:37.952  INFO 7531 --- [           main] o.s.b.a.h2.H2ConsoleAutoConfiguration    : H2 console available at '/h2-console'. Database available at 'jdbc:h2:file:./data/db'
2021-12-12 17:55:39.335  INFO 7531 --- [           main] c.e.s.SecretsharingApplicationTests      : Started SecretsharingApplicationTests in 6.506 seconds (JVM running for 10.501)
]]></system-out>
  </testcase>
  <testcase name="Duplicate" classname="com.example.secretsharing.SecretsharingApplicationTests" time="0.241"/>
  <testcase name="getSzovegTest" classname="com.example.secretsharing.SecretsharingApplicationTests" time="0.15"/>
</testsuite>